<?xml version="1.0" encoding="UTF-8"?>
<!-- Generated by org.testng.reporters.JUnitReportReporter -->
<testsuite skipped="0" hostname="DESKTOP-G14U8CO" name="testProject.transPerfect.WahooFitnessTest" tests="1" failures="0" timestamp="13 Dec 2020 19:51:50 GMT" time="113.401" errors="0">
  <testcase name="testWahooFitness" time="113.401" classname="testProject.transPerfect.WahooFitnessTest"/>
</testsuite> <!-- testProject.transPerfect.WahooFitnessTest -->
